2019-10-24 18:49:37,457 INFO org.springframework.boot.StartupInfoLogger [restartedMain] Starting MurphyServicesApplication on DESKTOP-TRAUMES with PID 2120 (C:\Users\aaltu\Desktop\IdeaProjects\murphy-services\target\classes started by aaltu in C:\Users\aaltu\Desktop\IdeaProjects\murphy-services)
2019-10-24 18:49:37,460 DEBUG org.springframework.boot.StartupInfoLogger [restartedMain] Running with Spring Boot v2.1.8.RELEASE, Spring v5.1.9.RELEASE
2019-10-24 18:49:37,461 INFO org.springframework.boot.SpringApplication [restartedMain] No active profile set, falling back to default profiles: default
2019-10-24 18:49:40,623 DEBUG org.springframework.web.filter.GenericFilterBean [restartedMain] Filter 'tokenAuthenticationFilter' configured for use
2019-10-24 18:49:41,139 INFO org.springframework.boot.StartupInfoLogger [restartedMain] Started MurphyServicesApplication in 3.971 seconds (JVM running for 4.552)
2019-10-24 19:42:23,869 INFO com.anilaltunkan.murphy.calculation.service.MurphyServiceImpl [http-nio-8080-exec-2] First 2.550
2019-10-24 19:42:23,871 INFO com.anilaltunkan.murphy.calculation.service.MurphyServiceImpl [http-nio-8080-exec-2] Second 0.7
2019-10-24 19:42:23,873 INFO com.anilaltunkan.murphy.calculation.service.MurphyServiceImpl [http-nio-8080-exec-2] Third 2.297
2019-10-24 19:42:23,906 ERROR org.hibernate.internal.ExceptionMapperStandardImpl [http-nio-8080-exec-2] HHH000346: Error during managed flush [Validation failed for classes [com.anilaltunkan.murphy.calculation.model.Calculation] during persist time for groups [javax.validation.groups.Default, ]
List of constraint violations:[
	ConstraintViolationImpl{interpolatedMessage='boyut '4' ile '1000' aras覺nda olmal覺', propertyPath=event, rootBeanClass=class com.anilaltunkan.murphy.calculation.model.Calculation, messageTemplate='{javax.validation.constraints.Size.message}'}
]]
2019-10-24 19:42:23,913 ERROR com.anilaltunkan.murphy.err.MurphyExceptionHandler [http-nio-8080-exec-2] handleInternalException
org.springframework.transaction.TransactionSystemException: Could not commit JPA transaction; nested exception is javax.persistence.RollbackException: Error while committing the transaction
	at org.springframework.orm.jpa.JpaTransactionManager.doCommit(JpaTransactionManager.java:541)
	at org.springframework.transaction.support.AbstractPlatformTransactionManager.processCommit(AbstractPlatformTransactionManager.java:746)
	at org.springframework.transaction.support.AbstractPlatformTransactionManager.commit(AbstractPlatformTransactionManager.java:714)
	at org.springframework.transaction.interceptor.TransactionAspectSupport.commitTransactionAfterReturning(TransactionAspectSupport.java:534)
	at org.springframework.transaction.interceptor.TransactionAspectSupport.invokeWithinTransaction(TransactionAspectSupport.java:305)
	at org.springframework.transaction.interceptor.TransactionInterceptor.invoke(TransactionInterceptor.java:98)
	at org.springframework.aop.framework.ReflectiveMethodInvocation.proceed(ReflectiveMethodInvocation.java:186)
	at org.springframework.dao.support.PersistenceExceptionTranslationInterceptor.invoke(PersistenceExceptionTranslationInterceptor.java:139)
	at org.springframework.aop.framework.ReflectiveMethodInvocation.proceed(ReflectiveMethodInvocation.java:186)
	at org.springframework.data.jpa.repository.support.CrudMethodMetadataPostProcessor$CrudMethodMetadataPopulatingMethodInterceptor.invoke(CrudMethodMetadataPostProcessor.java:144)
	at org.springframework.aop.framework.ReflectiveMethodInvocation.proceed(ReflectiveMethodInvocation.java:186)
	at org.springframework.data.jpa.repository.support.CrudMethodMetadataPostProcessor$ExposeRepositoryInvocationInterceptor.invoke(CrudMethodMetadataPostProcessor.java:364)
	at org.springframework.aop.framework.ReflectiveMethodInvocation.proceed(ReflectiveMethodInvocation.java:186)
	at org.springframework.aop.interceptor.ExposeInvocationInterceptor.invoke(ExposeInvocationInterceptor.java:93)
	at org.springframework.aop.framework.ReflectiveMethodInvocation.proceed(ReflectiveMethodInvocation.java:186)
	at org.springframework.data.repository.core.support.SurroundingTransactionDetectorMethodInterceptor.invoke(SurroundingTransactionDetectorMethodInterceptor.java:61)
	at org.springframework.aop.framework.ReflectiveMethodInvocation.proceed(ReflectiveMethodInvocation.java:186)
	at org.springframework.aop.framework.JdkDynamicAopProxy.invoke(JdkDynamicAopProxy.java:212)
	at com.sun.proxy.$Proxy130.save(Unknown Source)
	at com.anilaltunkan.murphy.calculation.service.MurphyServiceImpl.calculateMurphy(MurphyServiceImpl.java:78)
	at com.anilaltunkan.murphy.calculation.controller.MurphyController.calculate(MurphyController.java:37)
	at sun.reflect.NativeMethodAccessorImpl.invoke0(Native Method)
	at sun.reflect.NativeMethodAccessorImpl.invoke(NativeMethodAccessorImpl.java:62)
	at sun.reflect.DelegatingMethodAccessorImpl.invoke(DelegatingMethodAccessorImpl.java:43)
	at java.lang.reflect.Method.invoke(Method.java:498)
	at org.springframework.web.method.support.InvocableHandlerMethod.doInvoke(InvocableHandlerMethod.java:190)
	at org.springframework.web.method.support.InvocableHandlerMethod.invokeForRequest(InvocableHandlerMethod.java:138)
	at org.springframework.web.servlet.mvc.method.annotation.ServletInvocableHandlerMethod.invokeAndHandle(ServletInvocableHandlerMethod.java:104)
	at org.springframework.web.servlet.mvc.method.annotation.RequestMappingHandlerAdapter.invokeHandlerMethod(RequestMappingHandlerAdapter.java:892)
	at org.springframework.web.servlet.mvc.method.annotation.RequestMappingHandlerAdapter.handleInternal(RequestMappingHandlerAdapter.java:797)
	at org.springframework.web.servlet.mvc.method.AbstractHandlerMethodAdapter.handle(AbstractHandlerMethodAdapter.java:87)
	at org.springframework.web.servlet.DispatcherServlet.doDispatch(DispatcherServlet.java:1039)
	at org.springframework.web.servlet.DispatcherServlet.doService(DispatcherServlet.java:942)
	at org.springframework.web.servlet.FrameworkServlet.processRequest(FrameworkServlet.java:1005)
	at org.springframework.web.servlet.FrameworkServlet.doPost(FrameworkServlet.java:908)
	at javax.servlet.http.HttpServlet.service(HttpServlet.java:660)
	at org.springframework.web.servlet.FrameworkServlet.service(FrameworkServlet.java:882)
	at javax.servlet.http.HttpServlet.service(HttpServlet.java:741)
	at org.apache.catalina.core.ApplicationFilterChain.internalDoFilter(ApplicationFilterChain.java:231)
	at org.apache.catalina.core.ApplicationFilterChain.doFilter(ApplicationFilterChain.java:166)
	at org.apache.tomcat.websocket.server.WsFilter.doFilter(WsFilter.java:53)
	at org.apache.catalina.core.ApplicationFilterChain.internalDoFilter(ApplicationFilterChain.java:193)
	at org.apache.catalina.core.ApplicationFilterChain.doFilter(ApplicationFilterChain.java:166)
	at org.springframework.web.filter.OncePerRequestFilter.doFilter(OncePerRequestFilter.java:112)
	at org.apache.catalina.core.ApplicationFilterChain.internalDoFilter(ApplicationFilterChain.java:193)
	at org.apache.catalina.core.ApplicationFilterChain.doFilter(ApplicationFilterChain.java:166)
	at org.springframework.security.web.FilterChainProxy$VirtualFilterChain.doFilter(FilterChainProxy.java:320)
	at org.springframework.security.web.access.intercept.FilterSecurityInterceptor.invoke(FilterSecurityInterceptor.java:127)
	at org.springframework.security.web.access.intercept.FilterSecurityInterceptor.doFilter(FilterSecurityInterceptor.java:91)
	at org.springframework.security.web.FilterChainProxy$VirtualFilterChain.doFilter(FilterChainProxy.java:334)
	at org.springframework.security.web.access.ExceptionTranslationFilter.doFilter(ExceptionTranslationFilter.java:119)
	at org.springframework.security.web.FilterChainProxy$VirtualFilterChain.doFilter(FilterChainProxy.java:334)
	at org.springframework.security.web.session.SessionManagementFilter.doFilter(SessionManagementFilter.java:137)
	at org.springframework.security.web.FilterChainProxy$VirtualFilterChain.doFilter(FilterChainProxy.java:334)
	at org.springframework.security.web.authentication.AnonymousAuthenticationFilter.doFilter(AnonymousAuthenticationFilter.java:111)
	at org.springframework.security.web.FilterChainProxy$VirtualFilterChain.doFilter(FilterChainProxy.java:334)
	at org.springframework.security.web.servletapi.SecurityContextHolderAwareRequestFilter.doFilter(SecurityContextHolderAwareRequestFilter.java:170)
	at org.springframework.security.web.FilterChainProxy$VirtualFilterChain.doFilter(FilterChainProxy.java:334)
	at org.springframework.security.web.savedrequest.RequestCacheAwareFilter.doFilter(RequestCacheAwareFilter.java:63)
	at org.springframework.security.web.FilterChainProxy$VirtualFilterChain.doFilter(FilterChainProxy.java:334)
	at com.anilaltunkan.murphy.security.conf.TokenAuthenticationFilter.doFilterInternal(TokenAuthenticationFilter.java:52)
	at org.springframework.web.filter.OncePerRequestFilter.doFilter(OncePerRequestFilter.java:118)
	at org.springframework.security.web.FilterChainProxy$VirtualFilterChain.doFilter(FilterChainProxy.java:334)
	at org.springframework.security.web.authentication.AbstractAuthenticationProcessingFilter.doFilter(AbstractAuthenticationProcessingFilter.java:200)
	at org.springframework.security.web.FilterChainProxy$VirtualFilterChain.doFilter(FilterChainProxy.java:334)
	at org.springframework.security.oauth2.client.web.OAuth2AuthorizationRequestRedirectFilter.doFilterInternal(OAuth2AuthorizationRequestRedirectFilter.java:160)
	at org.springframework.web.filter.OncePerRequestFilter.doFilter(OncePerRequestFilter.java:118)
	at org.springframework.security.web.FilterChainProxy$VirtualFilterChain.doFilter(FilterChainProxy.java:334)
	at org.springframework.security.web.authentication.logout.LogoutFilter.doFilter(LogoutFilter.java:116)
	at org.springframework.security.web.FilterChainProxy$VirtualFilterChain.doFilter(FilterChainProxy.java:334)
	at org.springframework.web.filter.CorsFilter.doFilterInternal(CorsFilter.java:96)
	at org.springframework.web.filter.OncePerRequestFilter.doFilter(OncePerRequestFilter.java:118)
	at org.springframework.security.web.FilterChainProxy$VirtualFilterChain.doFilter(FilterChainProxy.java:334)
	at org.springframework.security.web.header.HeaderWriterFilter.doFilterInternal(HeaderWriterFilter.java:74)
	at org.springframework.web.filter.OncePerRequestFilter.doFilter(OncePerRequestFilter.java:118)
	at org.springframework.security.web.FilterChainProxy$VirtualFilterChain.doFilter(FilterChainProxy.java:334)
	at org.springframework.security.web.context.SecurityContextPersistenceFilter.doFilter(SecurityContextPersistenceFilter.java:105)
	at org.springframework.security.web.FilterChainProxy$VirtualFilterChain.doFilter(FilterChainProxy.java:334)
	at org.springframework.security.web.context.request.async.WebAsyncManagerIntegrationFilter.doFilterInternal(WebAsyncManagerIntegrationFilter.java:56)
	at org.springframework.web.filter.OncePerRequestFilter.doFilter(OncePerRequestFilter.java:118)
	at org.springframework.security.web.FilterChainProxy$VirtualFilterChain.doFilter(FilterChainProxy.java:334)
	at org.springframework.security.web.FilterChainProxy.doFilterInternal(FilterChainProxy.java:215)
	at org.springframework.security.web.FilterChainProxy.doFilter(FilterChainProxy.java:178)
	at org.springframework.web.filter.DelegatingFilterProxy.invokeDelegate(DelegatingFilterProxy.java:357)
	at org.springframework.web.filter.DelegatingFilterProxy.doFilter(DelegatingFilterProxy.java:270)
	at org.apache.catalina.core.ApplicationFilterChain.internalDoFilter(ApplicationFilterChain.java:193)
	at org.apache.catalina.core.ApplicationFilterChain.doFilter(ApplicationFilterChain.java:166)
	at org.springframework.web.filter.RequestContextFilter.doFilterInternal(RequestContextFilter.java:99)
	at org.springframework.web.filter.OncePerRequestFilter.doFilter(OncePerRequestFilter.java:118)
	at org.apache.catalina.core.ApplicationFilterChain.internalDoFilter(ApplicationFilterChain.java:193)
	at org.apache.catalina.core.ApplicationFilterChain.doFilter(ApplicationFilterChain.java:166)
	at org.springframework.web.filter.FormContentFilter.doFilterInternal(FormContentFilter.java:92)
	at org.springframework.web.filter.OncePerRequestFilter.doFilter(OncePerRequestFilter.java:118)
	at org.apache.catalina.core.ApplicationFilterChain.internalDoFilter(ApplicationFilterChain.java:193)
	at org.apache.catalina.core.ApplicationFilterChain.doFilter(ApplicationFilterChain.java:166)
	at org.springframework.web.filter.HiddenHttpMethodFilter.doFilterInternal(HiddenHttpMethodFilter.java:93)
	at org.springframework.web.filter.OncePerRequestFilter.doFilter(OncePerRequestFilter.java:118)
	at org.apache.catalina.core.ApplicationFilterChain.internalDoFilter(ApplicationFilterChain.java:193)
	at org.apache.catalina.core.ApplicationFilterChain.doFilter(ApplicationFilterChain.java:166)
	at org.springframework.web.filter.CharacterEncodingFilter.doFilterInternal(CharacterEncodingFilter.java:200)
	at org.springframework.web.filter.OncePerRequestFilter.doFilter(OncePerRequestFilter.java:118)
	at org.apache.catalina.core.ApplicationFilterChain.internalDoFilter(ApplicationFilterChain.java:193)
	at org.apache.catalina.core.ApplicationFilterChain.doFilter(ApplicationFilterChain.java:166)
	at org.apache.catalina.core.StandardWrapperValve.invoke(StandardWrapperValve.java:202)
	at org.apache.catalina.core.StandardContextValve.invoke(StandardContextValve.java:96)
	at org.apache.catalina.authenticator.AuthenticatorBase.invoke(AuthenticatorBase.java:526)
	at org.apache.catalina.core.StandardHostValve.invoke(StandardHostValve.java:139)
	at org.apache.catalina.valves.ErrorReportValve.invoke(ErrorReportValve.java:92)
	at org.apache.catalina.core.StandardEngineValve.invoke(StandardEngineValve.java:74)
	at org.apache.catalina.connector.CoyoteAdapter.service(CoyoteAdapter.java:343)
	at org.apache.coyote.http11.Http11Processor.service(Http11Processor.java:408)
	at org.apache.coyote.AbstractProcessorLight.process(AbstractProcessorLight.java:66)
	at org.apache.coyote.AbstractProtocol$ConnectionHandler.process(AbstractProtocol.java:860)
	at org.apache.tomcat.util.net.NioEndpoint$SocketProcessor.doRun(NioEndpoint.java:1587)
	at org.apache.tomcat.util.net.SocketProcessorBase.run(SocketProcessorBase.java:49)
	at java.util.concurrent.ThreadPoolExecutor.runWorker(ThreadPoolExecutor.java:1149)
	at java.util.concurrent.ThreadPoolExecutor$Worker.run(ThreadPoolExecutor.java:624)
	at org.apache.tomcat.util.threads.TaskThread$WrappingRunnable.run(TaskThread.java:61)
	at java.lang.Thread.run(Thread.java:748)
Caused by: javax.persistence.RollbackException: Error while committing the transaction
	at org.hibernate.internal.ExceptionConverterImpl.convertCommitException(ExceptionConverterImpl.java:81)
	at org.hibernate.engine.transaction.internal.TransactionImpl.commit(TransactionImpl.java:107)
	at org.springframework.orm.jpa.JpaTransactionManager.doCommit(JpaTransactionManager.java:532)
	... 118 common frames omitted
Caused by: javax.validation.ConstraintViolationException: Validation failed for classes [com.anilaltunkan.murphy.calculation.model.Calculation] during persist time for groups [javax.validation.groups.Default, ]
List of constraint violations:[
	ConstraintViolationImpl{interpolatedMessage='boyut '4' ile '1000' aras覺nda olmal覺', propertyPath=event, rootBeanClass=class com.anilaltunkan.murphy.calculation.model.Calculation, messageTemplate='{javax.validation.constraints.Size.message}'}
]
	at org.hibernate.cfg.beanvalidation.BeanValidationEventListener.validate(BeanValidationEventListener.java:140)
	at org.hibernate.cfg.beanvalidation.BeanValidationEventListener.onPreInsert(BeanValidationEventListener.java:80)
	at org.hibernate.action.internal.EntityInsertAction.preInsert(EntityInsertAction.java:209)
	at org.hibernate.action.internal.EntityInsertAction.execute(EntityInsertAction.java:83)
	at org.hibernate.engine.spi.ActionQueue.executeActions(ActionQueue.java:604)
	at org.hibernate.engine.spi.ActionQueue.executeActions(ActionQueue.java:478)
	at org.hibernate.event.internal.AbstractFlushingEventListener.performExecutions(AbstractFlushingEventListener.java:356)
	at org.hibernate.event.internal.DefaultFlushEventListener.onFlush(DefaultFlushEventListener.java:39)
	at org.hibernate.internal.SessionImpl.doFlush(SessionImpl.java:1483)
	at org.hibernate.internal.SessionImpl.managedFlush(SessionImpl.java:512)
	at org.hibernate.internal.SessionImpl.flushBeforeTransactionCompletion(SessionImpl.java:3321)
	at org.hibernate.internal.SessionImpl.beforeTransactionCompletion(SessionImpl.java:2517)
	at org.hibernate.engine.jdbc.internal.JdbcCoordinatorImpl.beforeTransactionCompletion(JdbcCoordinatorImpl.java:447)
	at org.hibernate.resource.transaction.backend.jdbc.internal.JdbcResourceLocalTransactionCoordinatorImpl.beforeCompletionCallback(JdbcResourceLocalTransactionCoordinatorImpl.java:178)
	at org.hibernate.resource.transaction.backend.jdbc.internal.JdbcResourceLocalTransactionCoordinatorImpl.access$300(JdbcResourceLocalTransactionCoordinatorImpl.java:39)
	at org.hibernate.resource.transaction.backend.jdbc.internal.JdbcResourceLocalTransactionCoordinatorImpl$TransactionDriverControlImpl.commit(JdbcResourceLocalTransactionCoordinatorImpl.java:271)
	at org.hibernate.engine.transaction.internal.TransactionImpl.commit(TransactionImpl.java:104)
	... 119 common frames omitted
2019-10-24 19:42:32,967 INFO com.anilaltunkan.murphy.calculation.service.MurphyServiceImpl [http-nio-8080-exec-4] First 2.550
2019-10-24 19:42:32,968 INFO com.anilaltunkan.murphy.calculation.service.MurphyServiceImpl [http-nio-8080-exec-4] Second 0.7
2019-10-24 19:42:32,968 INFO com.anilaltunkan.murphy.calculation.service.MurphyServiceImpl [http-nio-8080-exec-4] Third 2.297
2019-10-24 20:12:08,933 INFO com.anilaltunkan.murphy.calculation.service.MurphyServiceImpl [http-nio-8080-exec-3] First 1.350
2019-10-24 20:12:08,934 INFO com.anilaltunkan.murphy.calculation.service.MurphyServiceImpl [http-nio-8080-exec-3] Second 0.7
2019-10-24 20:12:08,936 INFO com.anilaltunkan.murphy.calculation.service.MurphyServiceImpl [http-nio-8080-exec-3] Third 1.111
2019-10-24 22:16:19,530 ERROR com.anilaltunkan.murphy.err.RestAuthenticationEntryPoint [http-nio-8080-exec-5] Responding with unauthorized error. Message - Full authentication is required to access this resource
2019-10-24 22:20:11,487 ERROR com.anilaltunkan.murphy.security.service.TokenProvider [http-nio-8080-exec-9] Expired JWT token
2019-10-24 22:20:11,489 ERROR com.anilaltunkan.murphy.err.RestAuthenticationEntryPoint [http-nio-8080-exec-9] Responding with unauthorized error. Message - Full authentication is required to access this resource
2019-10-24 22:20:16,427 ERROR com.anilaltunkan.murphy.security.service.TokenProvider [http-nio-8080-exec-5] Expired JWT token
2019-10-24 22:20:16,428 ERROR com.anilaltunkan.murphy.err.RestAuthenticationEntryPoint [http-nio-8080-exec-5] Responding with unauthorized error. Message - Full authentication is required to access this resource
2019-10-24 22:25:55,653 ERROR com.anilaltunkan.murphy.security.service.TokenProvider [http-nio-8080-exec-2] Expired JWT token
2019-10-24 22:25:55,655 ERROR com.anilaltunkan.murphy.err.RestAuthenticationEntryPoint [http-nio-8080-exec-2] Responding with unauthorized error. Message - Full authentication is required to access this resource
2019-10-24 22:26:19,414 ERROR com.anilaltunkan.murphy.security.service.TokenProvider [http-nio-8080-exec-10] Expired JWT token
2019-10-24 22:26:19,415 ERROR com.anilaltunkan.murphy.err.RestAuthenticationEntryPoint [http-nio-8080-exec-10] Responding with unauthorized error. Message - Full authentication is required to access this resource
2019-10-24 22:35:06,820 ERROR com.anilaltunkan.murphy.err.RestAuthenticationEntryPoint [http-nio-8080-exec-8] Responding with unauthorized error. Message - Full authentication is required to access this resource
2019-10-24 22:35:34,177 ERROR com.anilaltunkan.murphy.err.RestAuthenticationEntryPoint [http-nio-8080-exec-1] Responding with unauthorized error. Message - Full authentication is required to access this resource
2019-10-24 22:37:11,540 INFO org.springframework.boot.StartupInfoLogger [restartedMain] Starting MurphyServicesApplication on DESKTOP-TRAUMES with PID 16460 (C:\Users\aaltu\Desktop\IdeaProjects\murphy-services\target\classes started by aaltu in C:\Users\aaltu\Desktop\IdeaProjects\murphy-services)
2019-10-24 22:37:11,542 DEBUG org.springframework.boot.StartupInfoLogger [restartedMain] Running with Spring Boot v2.1.8.RELEASE, Spring v5.1.9.RELEASE
2019-10-24 22:37:11,542 INFO org.springframework.boot.SpringApplication [restartedMain] No active profile set, falling back to default profiles: default
2019-10-24 22:37:13,892 DEBUG org.springframework.web.filter.GenericFilterBean [restartedMain] Filter 'tokenAuthenticationFilter' configured for use
2019-10-24 22:37:14,359 INFO org.springframework.boot.StartupInfoLogger [restartedMain] Started MurphyServicesApplication in 3.083 seconds (JVM running for 3.783)
2019-10-24 22:37:24,264 ERROR com.anilaltunkan.murphy.err.RestAuthenticationEntryPoint [http-nio-8080-exec-5] Responding with unauthorized error. Message - Full authentication is required to access this resource
2019-10-24 22:40:16,728 INFO org.springframework.boot.StartupInfoLogger [restartedMain] Starting MurphyServicesApplication on DESKTOP-TRAUMES with PID 15576 (C:\Users\aaltu\Desktop\IdeaProjects\murphy-services\target\classes started by aaltu in C:\Users\aaltu\Desktop\IdeaProjects\murphy-services)
2019-10-24 22:40:16,730 DEBUG org.springframework.boot.StartupInfoLogger [restartedMain] Running with Spring Boot v2.1.8.RELEASE, Spring v5.1.9.RELEASE
2019-10-24 22:40:16,730 INFO org.springframework.boot.SpringApplication [restartedMain] No active profile set, falling back to default profiles: default
2019-10-24 22:40:18,927 DEBUG org.springframework.web.filter.GenericFilterBean [restartedMain] Filter 'tokenAuthenticationFilter' configured for use
2019-10-24 22:40:19,388 INFO org.springframework.boot.StartupInfoLogger [restartedMain] Started MurphyServicesApplication in 2.922 seconds (JVM running for 3.404)
2019-10-24 22:42:55,351 ERROR com.anilaltunkan.murphy.err.RestAuthenticationEntryPoint [http-nio-8080-exec-4] Responding with unauthorized error. Message - Full authentication is required to access this resource
2019-10-24 22:44:07,909 INFO org.springframework.boot.StartupInfoLogger [restartedMain] Starting MurphyServicesApplication on DESKTOP-TRAUMES with PID 7132 (C:\Users\aaltu\Desktop\IdeaProjects\murphy-services\target\classes started by aaltu in C:\Users\aaltu\Desktop\IdeaProjects\murphy-services)
2019-10-24 22:44:07,911 DEBUG org.springframework.boot.StartupInfoLogger [restartedMain] Running with Spring Boot v2.1.8.RELEASE, Spring v5.1.9.RELEASE
2019-10-24 22:44:07,912 INFO org.springframework.boot.SpringApplication [restartedMain] No active profile set, falling back to default profiles: default
2019-10-24 22:44:10,537 DEBUG org.springframework.web.filter.GenericFilterBean [restartedMain] Filter 'tokenAuthenticationFilter' configured for use
2019-10-24 22:44:11,208 INFO org.springframework.boot.StartupInfoLogger [restartedMain] Started MurphyServicesApplication in 3.621 seconds (JVM running for 4.505)
2019-10-24 22:44:52,074 ERROR com.anilaltunkan.murphy.err.RestAuthenticationEntryPoint [http-nio-8080-exec-7] Responding with unauthorized error. Message - Full authentication is required to access this resource
2019-10-24 22:45:05,475 ERROR com.anilaltunkan.murphy.err.RestAuthenticationEntryPoint [http-nio-8080-exec-10] Responding with unauthorized error. Message - Full authentication is required to access this resource
2019-10-24 22:46:15,736 ERROR com.anilaltunkan.murphy.err.RestAuthenticationEntryPoint [http-nio-8080-exec-3] Responding with unauthorized error. Message - Full authentication is required to access this resource
2019-10-24 22:48:50,879 ERROR com.anilaltunkan.murphy.err.RestAuthenticationEntryPoint [http-nio-8080-exec-6] Responding with unauthorized error. Message - Full authentication is required to access this resource
2019-10-24 22:55:50,631 ERROR com.anilaltunkan.murphy.err.RestAuthenticationEntryPoint [http-nio-8080-exec-9] Responding with unauthorized error. Message - Full authentication is required to access this resource
2019-10-24 22:56:05,719 INFO org.springframework.boot.StartupInfoLogger [restartedMain] Starting MurphyServicesApplication on DESKTOP-TRAUMES with PID 12668 (C:\Users\aaltu\Desktop\IdeaProjects\murphy-services\target\classes started by aaltu in C:\Users\aaltu\Desktop\IdeaProjects\murphy-services)
2019-10-24 22:56:05,721 DEBUG org.springframework.boot.StartupInfoLogger [restartedMain] Running with Spring Boot v2.1.8.RELEASE, Spring v5.1.9.RELEASE
2019-10-24 22:56:05,721 INFO org.springframework.boot.SpringApplication [restartedMain] No active profile set, falling back to default profiles: default
2019-10-24 22:56:08,091 DEBUG org.springframework.web.filter.GenericFilterBean [restartedMain] Filter 'tokenAuthenticationFilter' configured for use
2019-10-24 22:56:08,546 INFO org.springframework.boot.StartupInfoLogger [restartedMain] Started MurphyServicesApplication in 3.081 seconds (JVM running for 3.606)
2019-10-24 22:56:48,274 ERROR com.anilaltunkan.murphy.err.RestAuthenticationEntryPoint [http-nio-8080-exec-5] Responding with unauthorized error. Message - Full authentication is required to access this resource
2019-10-24 22:59:58,614 ERROR com.anilaltunkan.murphy.security.service.TokenProvider [http-nio-8080-exec-1] Expired JWT token
2019-10-24 22:59:58,615 ERROR com.anilaltunkan.murphy.err.RestAuthenticationEntryPoint [http-nio-8080-exec-1] Responding with unauthorized error. Message - Full authentication is required to access this resource
